<?xml version="1.0" encoding="UTF-8"?>
<!-- Generated by org.testng.reporters.JUnitReportReporter -->
<testsuite skipped="2" hostname="MAVBCP2000" name="salesforceautomation.CreateOpportunity" tests="3" failures="0" timestamp="2021-06-13T17:06:53 IST" time="-1623584256.000" errors="1">
  <testcase name="createopp" time="0.000" classname="salesforceautomation.CreateOpportunity">
    <skipped/>
  </testcase> <!-- createopp -->
  <system-out/>
  <testcase name="Navigatetoopportunities" time="-1623584256.000" classname="salesforceautomation.CreateOpportunity">
    <error type="org.testng.TestNGException" message="
Parameter &#039;username&#039; is required by BeforeMethod on method Navigatetoopportunities but has not been marked @Optional or defined
in C:\Users\anbukarasic\Downloads\eclipse_64bit\BootCamp\retrylistener.xml">
      <![CDATA[org.testng.TestNGException: 
Parameter 'username' is required by BeforeMethod on method Navigatetoopportunities but has not been marked @Optional or defined
in C:\Users\anbukarasic\Downloads\eclipse_64bit\BootCamp\retrylistener.xml
at org.testng.internal.Parameters.createParams(Parameters.java:268)
at org.testng.internal.Parameters.createParametersForMethod(Parameters.java:356)
at org.testng.internal.Parameters.createParameters(Parameters.java:700)
at org.testng.internal.Parameters.createConfigurationParameters(Parameters.java:166)
at org.testng.internal.ConfigInvoker.invokeConfigurations(ConfigInvoker.java:301)
at org.testng.internal.TestInvoker.runConfigMethods(TestInvoker.java:701)
at org.testng.internal.TestInvoker.invokeMethod(TestInvoker.java:527)
at org.testng.internal.TestInvoker.invokeTestMethod(TestInvoker.java:174)
at org.testng.internal.MethodRunner.runInSequence(MethodRunner.java:46)
at org.testng.internal.TestInvoker$MethodInvocationAgent.invoke(TestInvoker.java:822)
at org.testng.internal.TestInvoker.invokeTestMethods(TestInvoker.java:147)
at org.testng.internal.TestMethodWorker.invokeTestMethods(TestMethodWorker.java:146)
at org.testng.internal.TestMethodWorker.run(TestMethodWorker.java:128)
at java.util.ArrayList.forEach(Unknown Source)
at org.testng.TestRunner.privateRun(TestRunner.java:764)
at org.testng.TestRunner.run(TestRunner.java:585)
at org.testng.SuiteRunner.runTest(SuiteRunner.java:384)
at org.testng.SuiteRunner.runSequentially(SuiteRunner.java:378)
at org.testng.SuiteRunner.privateRun(SuiteRunner.java:337)
at org.testng.SuiteRunner.run(SuiteRunner.java:286)
at org.testng.SuiteRunnerWorker.runSuite(SuiteRunnerWorker.java:53)
at org.testng.SuiteRunnerWorker.run(SuiteRunnerWorker.java:96)
at org.testng.TestNG.runSuitesSequentially(TestNG.java:1218)
at org.testng.TestNG.runSuitesLocally(TestNG.java:1140)
at org.testng.TestNG.runSuites(TestNG.java:1069)
at org.testng.TestNG.run(TestNG.java:1037)
at org.testng.remote.AbstractRemoteTestNG.run(AbstractRemoteTestNG.java:115)
at org.testng.remote.RemoteTestNG.initAndRun(RemoteTestNG.java:251)
at org.testng.remote.RemoteTestNG.main(RemoteTestNG.java:77)
]]>
    </error>
  </testcase> <!-- Navigatetoopportunities -->
  <system-out/>
  <testcase name="createopp" time="0.000" classname="salesforceautomation.CreateOpportunity">
    <skipped/>
  </testcase> <!-- createopp -->
  <system-out/>
</testsuite> <!-- salesforceautomation.CreateOpportunity -->
